# JRE version: Java(TM) SE Runtime Environment (21.0.9+7) (build 21.0.9+7-LTS-338)
# Java VM: Java HotSpot(TM) 64-Bit Server VM (21.0.9+7-LTS-338, mixed mode, sharing, tiered, compressed oops, compressed class ptrs, g1 gc, windows-amd64)
GC Precious Log:
 CardTable entry size: 512
 Card Set container configuration: InlinePtr #cards 5 size 8 Array Of Cards #cards 12 size 40 Howl #buckets 4 coarsen threshold 1843 Howl Bitmap #cards 512 size 80 coarsen threshold 460 Card regions per heap region 1 cards per card region 2048
 CPUs: 12 total, 12 available
 Memory: 7914M
 Large Page Support: Disabled
 NUMA Support: Disabled
 Compressed Oops: Enabled (32-bit)
 Heap Region Size: 1M
 Heap Min Capacity: 8M
 Heap Initial Capacity: 124M
 Heap Max Capacity: 1980M
 Pre-touch: Disabled
 Parallel Workers: 10
 Concurrent Workers: 3
 Concurrent Refinement Workers: 10
 Periodic GC: Disabled
Heap:
 garbage-first heap   total 73728K, used 64287K [0x0000000084400000, 0x0000000100000000)
  region size 1024K, 27 young (27648K), 2 survivors (2048K)
 Metaspace       used 90992K, committed 91968K, reserved 1179648K
  class space    used 12287K, committed 12736K, reserved 1048576K
GC Heap History (20 events):
Event: 5.472 GC heap before
{Heap before GC invocations=13 (full 0):
 garbage-first heap   total 61440K, used 54477K [0x0000000084400000, 0x0000000100000000)
  region size 1024K, 29 young (29696K), 3 survivors (3072K)
 Metaspace       used 64468K, committed 65216K, reserved 1114112K
  class space    used 8639K, committed 8960K, reserved 1048576K
}
Event: 5.474 GC heap after
{Heap after GC invocations=14 (full 0):
 garbage-first heap   total 61440K, used 28306K [0x0000000084400000, 0x0000000100000000)
  region size 1024K, 2 young (2048K), 2 survivors (2048K)
 Metaspace       used 64468K, committed 65216K, reserved 1114112K
  class space    used 8639K, committed 8960K, reserved 1048576K
}
Event: 5.838 GC heap before
{Heap before GC invocations=14 (full 0):
 garbage-first heap   total 61440K, used 54930K [0x0000000084400000, 0x0000000100000000)
  region size 1024K, 28 young (28672K), 2 survivors (2048K)
 Metaspace       used 69573K, committed 70272K, reserved 1114112K
  class space    used 9389K, committed 9728K, reserved 1048576K
}
Event: 5.841 GC heap after
{Heap after GC invocations=15 (full 0):
 garbage-first heap   total 61440K, used 30028K [0x0000000084400000, 0x0000000100000000)
  region size 1024K, 4 young (4096K), 4 survivors (4096K)
 Metaspace       used 69573K, committed 70272K, reserved 1114112K
  class space    used 9389K, committed 9728K, reserved 1048576K
}
Event: 6.195 GC heap before
{Heap before GC invocations=15 (full 0):
 garbage-first heap   total 61440K, used 52556K [0x0000000084400000, 0x0000000100000000)
  region size 1024K, 27 young (27648K), 4 survivors (4096K)
 Metaspace       used 73094K, committed 73856K, reserved 1114112K
  class space    used 9758K, committed 10112K, reserved 1048576K
}
Event: 6.198 GC heap after
{Heap after GC invocations=16 (full 0):
 garbage-first heap   total 61440K, used 32032K [0x0000000084400000, 0x0000000100000000)
  region size 1024K, 4 young (4096K), 4 survivors (4096K)
 Metaspace       used 73094K, committed 73856K, reserved 1114112K
  class space    used 9758K, committed 10112K, reserved 1048576K
}
Event: 6.508 GC heap before
{Heap before GC invocations=16 (full 0):
 garbage-first heap   total 61440K, used 53536K [0x0000000084400000, 0x0000000100000000)
  region size 1024K, 25 young (25600K), 4 survivors (4096K)
 Metaspace       used 75080K, committed 75904K, reserved 1179648K
  class space    used 10041K, committed 10432K, reserved 1048576K
}
Event: 6.512 GC heap after
{Heap after GC invocations=17 (full 0):
 garbage-first heap   total 61440K, used 33531K [0x0000000084400000, 0x0000000100000000)
  region size 1024K, 4 young (4096K), 4 survivors (4096K)
 Metaspace       used 75080K, committed 75904K, reserved 1179648K
  class space    used 10041K, committed 10432K, reserved 1048576K
}
Event: 6.948 GC heap before
{Heap before GC invocations=18 (full 0):
 garbage-first heap   total 61440K, used 52987K [0x0000000084400000, 0x0000000100000000)
  region size 1024K, 23 young (23552K), 4 survivors (4096K)
 Metaspace       used 77293K, committed 78080K, reserved 1179648K
  class space    used 10378K, committed 10752K, reserved 1048576K
}
Event: 6.951 GC heap after
{Heap after GC invocations=19 (full 0):
 garbage-first heap   total 61440K, used 35191K [0x0000000084400000, 0x0000000100000000)
  region size 1024K, 3 young (3072K), 3 survivors (3072K)
 Metaspace       used 77293K, committed 78080K, reserved 1179648K
  class space    used 10378K, committed 10752K, reserved 1048576K
}
Event: 13.257 GC heap before
{Heap before GC invocations=19 (full 0):
 garbage-first heap   total 61440K, used 54647K [0x0000000084400000, 0x0000000100000000)
  region size 1024K, 22 young (22528K), 3 survivors (3072K)
 Metaspace       used 80982K, committed 81728K, reserved 1179648K
  class space    used 10876K, committed 11200K, reserved 1048576K
}
Event: 13.272 GC heap after
{Heap after GC invocations=20 (full 0):
 garbage-first heap   total 61440K, used 36841K [0x0000000084400000, 0x0000000100000000)
  region size 1024K, 2 young (2048K), 2 survivors (2048K)
 Metaspace       used 80982K, committed 81728K, reserved 1179648K
  class space    used 10876K, committed 11200K, reserved 1048576K
}
Event: 13.852 GC heap before
{Heap before GC invocations=20 (full 0):
 garbage-first heap   total 61440K, used 56297K [0x0000000084400000, 0x0000000100000000)
  region size 1024K, 21 young (21504K), 2 survivors (2048K)
 Metaspace       used 85122K, committed 85952K, reserved 1179648K
  class space    used 11572K, committed 11904K, reserved 1048576K
}
Event: 13.858 GC heap after
{Heap after GC invocations=21 (full 0):
 garbage-first heap   total 61440K, used 39106K [0x0000000084400000, 0x0000000100000000)
  region size 1024K, 3 young (3072K), 3 survivors (3072K)
 Metaspace       used 85122K, committed 85952K, reserved 1179648K
  class space    used 11572K, committed 11904K, reserved 1048576K
}
Event: 14.377 GC heap before
{Heap before GC invocations=22 (full 0):
 garbage-first heap   total 73728K, used 51394K [0x0000000084400000, 0x0000000100000000)
  region size 1024K, 16 young (16384K), 3 survivors (3072K)
 Metaspace       used 87967K, committed 88896K, reserved 1179648K
  class space    used 12031K, committed 12480K, reserved 1048576K
}
Event: 14.381 GC heap after
{Heap after GC invocations=23 (full 0):
 garbage-first heap   total 73728K, used 39979K [0x0000000084400000, 0x0000000100000000)
  region size 1024K, 1 young (1024K), 1 survivors (1024K)
 Metaspace       used 87967K, committed 88896K, reserved 1179648K
  class space    used 12031K, committed 12480K, reserved 1048576K
}
Event: 72.710 GC heap before
{Heap before GC invocations=23 (full 0):
 garbage-first heap   total 73728K, used 64555K [0x0000000084400000, 0x0000000100000000)
  region size 1024K, 26 young (26624K), 1 survivors (1024K)
 Metaspace       used 90031K, committed 90944K, reserved 1179648K
  class space    used 12265K, committed 12672K, reserved 1048576K
}
Event: 72.773 GC heap after
{Heap after GC invocations=24 (full 0):
 garbage-first heap   total 73728K, used 39449K [0x0000000084400000, 0x0000000100000000)
  region size 1024K, 2 young (2048K), 2 survivors (2048K)
 Metaspace       used 90031K, committed 90944K, reserved 1179648K
  class space    used 12265K, committed 12672K, reserved 1048576K
}
Event: 171.937 GC heap before
{Heap before GC invocations=24 (full 0):
 garbage-first heap   total 73728K, used 65049K [0x0000000084400000, 0x0000000100000000)
  region size 1024K, 27 young (27648K), 2 survivors (2048K)
 Metaspace       used 90554K, committed 91520K, reserved 1179648K
  class space    used 12283K, committed 12736K, reserved 1048576K
}
Event: 172.009 GC heap after
{Heap after GC invocations=25 (full 0):
 garbage-first heap   total 73728K, used 39711K [0x0000000084400000, 0x0000000100000000)
  region size 1024K, 2 young (2048K), 2 survivors (2048K)
 Metaspace       used 90554K, committed 91520K, reserved 1179648K
  class space    used 12283K, committed 12736K, reserved 1048576K
}

