# JRE version: Java(TM) SE Runtime Environment (21.0.8+12) (build 21.0.8+12-LTS-250)
# Java VM: Java HotSpot(TM) 64-Bit Server VM (21.0.8+12-LTS-250, mixed mode, sharing, tiered, compressed oops, compressed class ptrs, g1 gc, windows-amd64)
GC Precious Log:
 CardTable entry size: 512
 Card Set container configuration: InlinePtr #cards 5 size 8 Array Of Cards #cards 12 size 40 Howl #buckets 4 coarsen threshold 1843 Howl Bitmap #cards 512 size 80 coarsen threshold 460 Card regions per heap region 1 cards per card region 2048
 CPUs: 12 total, 12 available
 Memory: 7914M
 Large Page Support: Disabled
 NUMA Support: Disabled
 Compressed Oops: Enabled (32-bit)
 Heap Region Size: 1M
 Heap Min Capacity: 8M
 Heap Initial Capacity: 124M
 Heap Max Capacity: 1980M
 Pre-touch: Disabled
 Parallel Workers: 10
 Concurrent Workers: 3
 Concurrent Refinement Workers: 10
 Periodic GC: Disabled
Heap:
 garbage-first heap   total 66560K, used 47488K [0x0000000084400000, 0x0000000100000000)
  region size 1024K, 22 young (22528K), 3 survivors (3072K)
 Metaspace       used 67766K, committed 68416K, reserved 1114112K
  class space    used 9391K, committed 9664K, reserved 1048576K
GC Heap History (20 events):
Event: 1.729 GC heap before
{Heap before GC invocations=2 (full 0):
 garbage-first heap   total 126976K, used 47721K [0x0000000084400000, 0x0000000100000000)
  region size 1024K, 41 young (41984K), 3 survivors (3072K)
 Metaspace       used 21054K, committed 21568K, reserved 1114112K
  class space    used 2868K, committed 3072K, reserved 1048576K
}
Event: 1.736 GC heap after
{Heap after GC invocations=3 (full 0):
 garbage-first heap   total 126976K, used 13957K [0x0000000084400000, 0x0000000100000000)
  region size 1024K, 6 young (6144K), 6 survivors (6144K)
 Metaspace       used 21054K, committed 21568K, reserved 1114112K
  class space    used 2868K, committed 3072K, reserved 1048576K
}
Event: 1.970 GC heap before
{Heap before GC invocations=4 (full 0):
 garbage-first heap   total 55296K, used 39557K [0x0000000084400000, 0x0000000100000000)
  region size 1024K, 32 young (32768K), 6 survivors (6144K)
 Metaspace       used 25236K, committed 25664K, reserved 1114112K
  class space    used 3341K, committed 3520K, reserved 1048576K
}
Event: 1.975 GC heap after
{Heap after GC invocations=5 (full 0):
 garbage-first heap   total 55296K, used 16324K [0x0000000084400000, 0x0000000100000000)
  region size 1024K, 3 young (3072K), 3 survivors (3072K)
 Metaspace       used 25236K, committed 25664K, reserved 1114112K
  class space    used 3341K, committed 3520K, reserved 1048576K
}
Event: 2.200 GC heap before
{Heap before GC invocations=5 (full 0):
 garbage-first heap   total 55296K, used 40900K [0x0000000084400000, 0x0000000100000000)
  region size 1024K, 27 young (27648K), 3 survivors (3072K)
 Metaspace       used 28931K, committed 29440K, reserved 1114112K
  class space    used 3791K, committed 4032K, reserved 1048576K
}
Event: 2.204 GC heap after
{Heap after GC invocations=6 (full 0):
 garbage-first heap   total 55296K, used 18417K [0x0000000084400000, 0x0000000100000000)
  region size 1024K, 3 young (3072K), 3 survivors (3072K)
 Metaspace       used 28931K, committed 29440K, reserved 1114112K
  class space    used 3791K, committed 4032K, reserved 1048576K
}
Event: 3.820 GC heap before
{Heap before GC invocations=6 (full 0):
 garbage-first heap   total 55296K, used 41969K [0x0000000084400000, 0x0000000100000000)
  region size 1024K, 27 young (27648K), 3 survivors (3072K)
 Metaspace       used 32207K, committed 32704K, reserved 1114112K
  class space    used 4218K, committed 4480K, reserved 1048576K
}
Event: 3.827 GC heap after
{Heap after GC invocations=7 (full 0):
 garbage-first heap   total 66560K, used 20378K [0x0000000084400000, 0x0000000100000000)
  region size 1024K, 2 young (2048K), 2 survivors (2048K)
 Metaspace       used 32207K, committed 32704K, reserved 1114112K
  class space    used 4218K, committed 4480K, reserved 1048576K
}
Event: 4.338 GC heap before
{Heap before GC invocations=7 (full 0):
 garbage-first heap   total 66560K, used 38810K [0x0000000084400000, 0x0000000100000000)
  region size 1024K, 21 young (21504K), 2 survivors (2048K)
 Metaspace       used 35568K, committed 36160K, reserved 1114112K
  class space    used 4684K, committed 4992K, reserved 1048576K
}
Event: 4.347 GC heap after
{Heap after GC invocations=8 (full 0):
 garbage-first heap   total 66560K, used 22503K [0x0000000084400000, 0x0000000100000000)
  region size 1024K, 4 young (4096K), 4 survivors (4096K)
 Metaspace       used 35568K, committed 36160K, reserved 1114112K
  class space    used 4684K, committed 4992K, reserved 1048576K
}
Event: 5.863 GC heap before
{Heap before GC invocations=9 (full 0):
 garbage-first heap   total 66560K, used 55271K [0x0000000084400000, 0x0000000100000000)
  region size 1024K, 36 young (36864K), 4 survivors (4096K)
 Metaspace       used 43334K, committed 43968K, reserved 1114112K
  class space    used 5971K, committed 6272K, reserved 1048576K
}
Event: 5.871 GC heap after
{Heap after GC invocations=10 (full 0):
 garbage-first heap   total 66560K, used 24783K [0x0000000084400000, 0x0000000100000000)
  region size 1024K, 5 young (5120K), 5 survivors (5120K)
 Metaspace       used 43334K, committed 43968K, reserved 1114112K
  class space    used 5971K, committed 6272K, reserved 1048576K
}
Event: 11.232 GC heap before
{Heap before GC invocations=10 (full 0):
 garbage-first heap   total 66560K, used 55503K [0x0000000084400000, 0x0000000100000000)
  region size 1024K, 35 young (35840K), 5 survivors (5120K)
 Metaspace       used 52282K, committed 52928K, reserved 1114112K
  class space    used 7086K, committed 7360K, reserved 1048576K
}
Event: 11.241 GC heap after
{Heap after GC invocations=11 (full 0):
 garbage-first heap   total 66560K, used 26248K [0x0000000084400000, 0x0000000100000000)
  region size 1024K, 4 young (4096K), 4 survivors (4096K)
 Metaspace       used 52282K, committed 52928K, reserved 1114112K
  class space    used 7086K, committed 7360K, reserved 1048576K
}
Event: 13.040 GC heap before
{Heap before GC invocations=11 (full 0):
 garbage-first heap   total 66560K, used 56968K [0x0000000084400000, 0x0000000100000000)
  region size 1024K, 34 young (34816K), 4 survivors (4096K)
 Metaspace       used 60069K, committed 60800K, reserved 1114112K
  class space    used 8140K, committed 8448K, reserved 1048576K
}
Event: 13.046 GC heap after
{Heap after GC invocations=12 (full 0):
 garbage-first heap   total 66560K, used 28357K [0x0000000084400000, 0x0000000100000000)
  region size 1024K, 4 young (4096K), 4 survivors (4096K)
 Metaspace       used 60069K, committed 60800K, reserved 1114112K
  class space    used 8140K, committed 8448K, reserved 1048576K
}
Event: 13.054 GC heap before
{Heap before GC invocations=12 (full 0):
 garbage-first heap   total 66560K, used 28357K [0x0000000084400000, 0x0000000100000000)
  region size 1024K, 5 young (5120K), 4 survivors (4096K)
 Metaspace       used 60164K, committed 60800K, reserved 1114112K
  class space    used 8156K, committed 8448K, reserved 1048576K
}
Event: 13.058 GC heap after
{Heap after GC invocations=13 (full 0):
 garbage-first heap   total 66560K, used 28447K [0x0000000084400000, 0x0000000100000000)
  region size 1024K, 2 young (2048K), 2 survivors (2048K)
 Metaspace       used 60164K, committed 60800K, reserved 1114112K
  class space    used 8156K, committed 8448K, reserved 1048576K
}
Event: 13.436 GC heap before
{Heap before GC invocations=14 (full 0):
 garbage-first heap   total 66560K, used 59167K [0x0000000084400000, 0x0000000100000000)
  region size 1024K, 32 young (32768K), 2 survivors (2048K)
 Metaspace       used 63943K, committed 64640K, reserved 1114112K
  class space    used 8826K, committed 9152K, reserved 1048576K
}
Event: 13.440 GC heap after
{Heap after GC invocations=15 (full 0):
 garbage-first heap   total 66560K, used 29056K [0x0000000084400000, 0x0000000100000000)
  region size 1024K, 3 young (3072K), 3 survivors (3072K)
 Metaspace       used 63943K, committed 64640K, reserved 1114112K
  class space    used 8826K, committed 9152K, reserved 1048576K
}

